{"numTotalTestSuites":5,"numPassedTestSuites":5,"numFailedTestSuites":0,"numPendingTestSuites":0,"numTotalTests":12,"numPassedTests":12,"numFailedTests":0,"numPendingTests":0,"numTodoTests":0,"snapshot":{"added":0,"failure":false,"filesAdded":0,"filesRemoved":0,"filesRemovedList":[],"filesUnmatched":0,"filesUpdated":0,"matched":0,"total":0,"unchecked":0,"uncheckedKeysByFile":[],"unmatched":0,"updated":0,"didUpdate":false},"startTime":1767099798813,"success":true,"testResults":[{"assertionResults":[{"ancestorTitles":["PET-ONLY LOCKDOWN MODE","/api/products endpoint"],"fullName":"PET-ONLY LOCKDOWN MODE /api/products endpoint should exclude products with \"sock\" in title","status":"passed","title":"should exclude products with \"sock\" in title","duration":115.022377,"failureMessages":[],"meta":{}},{"ancestorTitles":["PET-ONLY LOCKDOWN MODE","/api/products endpoint"],"fullName":"PET-ONLY LOCKDOWN MODE /api/products endpoint should exclude products in \"office\" category","status":"passed","title":"should exclude products in \"office\" category","duration":79.65647799999999,"failureMessages":[],"meta":{}},{"ancestorTitles":["PET-ONLY LOCKDOWN MODE","/api/products endpoint"],"fullName":"PET-ONLY LOCKDOWN MODE /api/products endpoint should only return pet products (dogs, cats, small_pets)","status":"passed","title":"should only return pet products (dogs, cats, small_pets)","duration":71.68581800000004,"failureMessages":[],"meta":{}},{"ancestorTitles":["PET-ONLY LOCKDOWN MODE","/api/products endpoint"],"fullName":"PET-ONLY LOCKDOWN MODE /api/products endpoint should return debug stats when debug=1","status":"passed","title":"should return debug stats when debug=1","duration":67.175839,"failureMessages":[],"meta":{}},{"ancestorTitles":["PET-ONLY LOCKDOWN MODE","isPetApproved function"],"fullName":"PET-ONLY LOCKDOWN MODE isPetApproved function should reject human clothing products","status":"passed","title":"should reject human clothing products","duration":27.515749000000028,"failureMessages":[],"meta":{}},{"ancestorTitles":["PET-ONLY LOCKDOWN MODE","isPetApproved function"],"fullName":"PET-ONLY LOCKDOWN MODE isPetApproved function should reject office furniture products","status":"passed","title":"should reject office furniture products","duration":0.4339899999999943,"failureMessages":[],"meta":{}},{"ancestorTitles":["PET-ONLY LOCKDOWN MODE","isPetApproved function"],"fullName":"PET-ONLY LOCKDOWN MODE isPetApproved function should approve dog products","status":"passed","title":"should approve dog products","duration":0.5915300000000343,"failureMessages":[],"meta":{}},{"ancestorTitles":["PET-ONLY LOCKDOWN MODE","isPetApproved function"],"fullName":"PET-ONLY LOCKDOWN MODE isPetApproved function should approve cat products","status":"passed","title":"should approve cat products","duration":0.5345300000000179,"failureMessages":[],"meta":{}},{"ancestorTitles":["PET-ONLY LOCKDOWN MODE","isPetApproved function"],"fullName":"PET-ONLY LOCKDOWN MODE isPetApproved function should reject inactive products","status":"passed","title":"should reject inactive products","duration":0.30214999999998327,"failureMessages":[],"meta":{}},{"ancestorTitles":["PET-ONLY LOCKDOWN MODE","isPetApproved function"],"fullName":"PET-ONLY LOCKDOWN MODE isPetApproved function should reject products without images","status":"passed","title":"should reject products without images","duration":0.24168999999994867,"failureMessages":[],"meta":{}},{"ancestorTitles":["PET-ONLY LOCKDOWN MODE","isPetApproved function"],"fullName":"PET-ONLY LOCKDOWN MODE isPetApproved function should allow pet clothing (dog hoodie)","status":"passed","title":"should allow pet clothing (dog hoodie)","duration":0.27724000000000615,"failureMessages":[],"meta":{}},{"ancestorTitles":["PET-ONLY LOCKDOWN MODE","SEO bulk job pet-only filter"],"fullName":"PET-ONLY LOCKDOWN MODE SEO bulk job pet-only filter should only include pet-approved products","status":"passed","title":"should only include pet-approved products","duration":389.99733000000003,"failureMessages":[],"meta":{}}],"startTime":1767099799158,"endTime":1767099799912.9973,"status":"passed","message":"","name":"/home/runner/workspace/tests/petonly-lockdown.test.js"}]}